Replace Part C1 Capacitor - Tantalum in C:\Users\harne\OneDrive - California Institute of Technology\GrabCAD\Lunar Dust Challenge\Current\Electrical (PCB)\ElectronicsBox_v2\power_ebox.SchDoc with Capacitor - Tantalum from ebox.SchLib
Replace Part C2 Capacitor - Tantalum in C:\Users\harne\OneDrive - California Institute of Technology\GrabCAD\Lunar Dust Challenge\Current\Electrical (PCB)\ElectronicsBox_v2\power_ebox.SchDoc with Capacitor - Tantalum from ebox.SchLib
Replace Part C3 Capacitor - Ceramic in C:\Users\harne\OneDrive - California Institute of Technology\GrabCAD\Lunar Dust Challenge\Current\Electrical (PCB)\ElectronicsBox_v2\power_ebox.SchDoc with Capacitor - Ceramic from ebox.SchLib
Replace Part C4 Capacitor - Ceramic in C:\Users\harne\OneDrive - California Institute of Technology\GrabCAD\Lunar Dust Challenge\Current\Electrical (PCB)\ElectronicsBox_v2\power_ebox.SchDoc with Capacitor - Ceramic from ebox.SchLib
Replace Part C5 Capacitor - Tantalum in C:\Users\harne\OneDrive - California Institute of Technology\GrabCAD\Lunar Dust Challenge\Current\Electrical (PCB)\ElectronicsBox_v2\power_ebox.SchDoc with Capacitor - Tantalum from ebox.SchLib
Replace Part C6 Capacitor - Ceramic in C:\Users\harne\OneDrive - California Institute of Technology\GrabCAD\Lunar Dust Challenge\Current\Electrical (PCB)\ElectronicsBox_v2\power_ebox.SchDoc with Capacitor - Ceramic from ebox.SchLib
Replace Part C7 Capacitor - Ceramic in C:\Users\harne\OneDrive - California Institute of Technology\GrabCAD\Lunar Dust Challenge\Current\Electrical (PCB)\ElectronicsBox_v2\power_ebox.SchDoc with Capacitor - Ceramic from ebox.SchLib
Replace Part D2 Diode in C:\Users\harne\OneDrive - California Institute of Technology\GrabCAD\Lunar Dust Challenge\Current\Electrical (PCB)\ElectronicsBox_v2\power_ebox.SchDoc with Diode from ebox.SchLib
Replace Part D3 Diode in C:\Users\harne\OneDrive - California Institute of Technology\GrabCAD\Lunar Dust Challenge\Current\Electrical (PCB)\ElectronicsBox_v2\power_ebox.SchDoc with Diode from ebox.SchLib
Replace Part D4 Schottky in C:\Users\harne\OneDrive - California Institute of Technology\GrabCAD\Lunar Dust Challenge\Current\Electrical (PCB)\ElectronicsBox_v2\power_ebox.SchDoc with Schottky from ebox.SchLib
Replace Part D5 LED in C:\Users\harne\OneDrive - California Institute of Technology\GrabCAD\Lunar Dust Challenge\Current\Electrical (PCB)\ElectronicsBox_v2\power_ebox.SchDoc with LED from ebox.SchLib
Replace Part D6 LED in C:\Users\harne\OneDrive - California Institute of Technology\GrabCAD\Lunar Dust Challenge\Current\Electrical (PCB)\ElectronicsBox_v2\power_ebox.SchDoc with LED from ebox.SchLib
Replace Part P7 Output Point in C:\Users\harne\OneDrive - California Institute of Technology\GrabCAD\Lunar Dust Challenge\Current\Electrical (PCB)\ElectronicsBox_v2\power_ebox.SchDoc with Output Point from ebox.SchLib
Replace Part P8 Output Point in C:\Users\harne\OneDrive - California Institute of Technology\GrabCAD\Lunar Dust Challenge\Current\Electrical (PCB)\ElectronicsBox_v2\power_ebox.SchDoc with Output Point from ebox.SchLib
Replace Part P9 Output Point in C:\Users\harne\OneDrive - California Institute of Technology\GrabCAD\Lunar Dust Challenge\Current\Electrical (PCB)\ElectronicsBox_v2\power_ebox.SchDoc with Output Point from ebox.SchLib
Replace Part R3 Resistor in C:\Users\harne\OneDrive - California Institute of Technology\GrabCAD\Lunar Dust Challenge\Current\Electrical (PCB)\ElectronicsBox_v2\power_ebox.SchDoc with Resistor from ebox.SchLib
Replace Part R4 Resistor in C:\Users\harne\OneDrive - California Institute of Technology\GrabCAD\Lunar Dust Challenge\Current\Electrical (PCB)\ElectronicsBox_v2\power_ebox.SchDoc with Resistor from ebox.SchLib
Replace Part R5 Resistor in C:\Users\harne\OneDrive - California Institute of Technology\GrabCAD\Lunar Dust Challenge\Current\Electrical (PCB)\ElectronicsBox_v2\power_ebox.SchDoc with Resistor from ebox.SchLib
Replace Part R6 Resistor in C:\Users\harne\OneDrive - California Institute of Technology\GrabCAD\Lunar Dust Challenge\Current\Electrical (PCB)\ElectronicsBox_v2\power_ebox.SchDoc with Resistor from ebox.SchLib
Replace Part R7 Variable Resistor in C:\Users\harne\OneDrive - California Institute of Technology\GrabCAD\Lunar Dust Challenge\Current\Electrical (PCB)\ElectronicsBox_v2\power_ebox.SchDoc with Variable Resistor from ebox.SchLib
Replace Part U2 Step-down Converter in C:\Users\harne\OneDrive - California Institute of Technology\GrabCAD\Lunar Dust Challenge\Current\Electrical (PCB)\ElectronicsBox_v2\power_ebox.SchDoc with Step-down Converter from ebox.SchLib
