Added Component: Designator=C1(HV Capacitor)
Added Component: Designator=Q1(MOSFET)
Added Component: Designator=Q2(MOSFET)
Added Component: Designator=Q3(MOSFET)
Added Component: Designator=Q4(MOSFET)
Added Component: Designator=R1(HV resistor)
Added Component: Designator=R2(HV resistor)
Added Component: Designator=R3(HV resistor)
Added Component: Designator=R4(HV resistor)
Added Component: Designator=R5(HV resistor)
Added Component: Designator=R6(HV resistor)
Added Component: Designator=R7(HV resistor)
Added Component: Designator=R8(HV resistor)
Added Component: Designator=U1(Gate Driver)
Added Component: Designator=U2(Gate Driver)
Added Component: Designator=U3(Gate Driver)
Added Component: Designator=U4(Gate Driver)
Added Component: Designator=U5(Step Up Converter)
Added Pin To Net: NetName=3kV Pin=C1-2
Added Pin To Net: NetName=3kV Pin=R3-1
Added Pin To Net: NetName=3kV Pin=R4-1
Added Pin To Net: NetName=3kV Pin=R7-1
Added Pin To Net: NetName=3kV Pin=R8-1
Added Pin To Net: NetName=NetC1_1 Pin=C1-1
Added Pin To Net: NetName=NetC1_1 Pin=R1-2
Added Pin To Net: NetName=NetC1_1 Pin=R2-2
Added Pin To Net: NetName=NetC1_1 Pin=R5-2
Added Pin To Net: NetName=NetC1_1 Pin=R6-2
Added Net: Name=NetC1_1
Added Member To Class: ClassName=benchtopsch Member=Component C1 Capacitor
Added Member To Class: ClassName=benchtopsch Member=Component Q1 MOSFET
Added Member To Class: ClassName=benchtopsch Member=Component Q2 MOSFET
Added Member To Class: ClassName=benchtopsch Member=Component Q3 MOSFET
Added Member To Class: ClassName=benchtopsch Member=Component Q4 MOSFET
Added Member To Class: ClassName=benchtopsch Member=Component R1 Resistor
Added Member To Class: ClassName=benchtopsch Member=Component R2 Resistor
Added Member To Class: ClassName=benchtopsch Member=Component R3 Resistor
Added Member To Class: ClassName=benchtopsch Member=Component R4 Resistor
Added Member To Class: ClassName=benchtopsch Member=Component R5 Resistor
Added Member To Class: ClassName=benchtopsch Member=Component R6 Resistor
Added Member To Class: ClassName=benchtopsch Member=Component R7 Resistor
Added Member To Class: ClassName=benchtopsch Member=Component R8 Resistor
Added Member To Class: ClassName=benchtopsch Member=Component U1 Gate Driver
Added Member To Class: ClassName=benchtopsch Member=Component U2 Gate Driver
Added Member To Class: ClassName=benchtopsch Member=Component U3 Gate Driver
Added Member To Class: ClassName=benchtopsch Member=Component U4 Gate Driver
Added Member To Class: ClassName=benchtopsch Member=Component U5 Step Up Converter
Added Room: Name=benchtopsch
Added Room: Name=U_EBoxschematic
