Removed Pin From Net: NetName=GND Pin=R2-1
Removed Pin From Net: NetName=3kV Pin=R4-1
Removed Pin From Net: NetName=HVSIG2 Pin=R4-2
Removed Pin From Net: NetName=GND Pin=R6-1
Removed Pin From Net: NetName=3kV Pin=R7-1
Removed Pin From Net: NetName=HVSIG3 Pin=R7-2
Removed Pin From Net: NetName=3kV Pin=R8-1
Removed Pin From Net: NetName=HVSIG4 Pin=R8-2
Removed Pin From Net: NetName=GND Pin=U1-1
Removed Pin From Net: NetName=GND Pin=U1-2
Removed Pin From Net: NetName=20V Pin=U1-5
Removed Pin From Net: NetName=5V Pin=U1-6
Removed Pin From Net: NetName=20V Pin=U2-2
Removed Pin From Net: NetName=SIG1 Pin=U2-3
Removed Pin From Net: NetName=GND Pin=U2-5
Removed Pin From Net: NetName=20V Pin=U3-2
Removed Pin From Net: NetName=GND Pin=U3-5
Removed Pin From Net: NetName=GND Pin=U3-6
Removed Pin From Net: NetName=GND Pin=U4-2
Removed Pin From Net: NetName=20V Pin=U4-5
Removed Pin From Net: NetName=5V Pin=U4-6
Change Component Footprint: Designator=R2 Old Footprint=LV Resistor New Footprint=HV resistor
Change Component Footprint: Designator=R6 Old Footprint=LV Resistor New Footprint=HV resistor
Change Component Comment : Designator=R4 Old Comment=1.25M New Comment=Resistor
Change Component Comment : Designator=R7 Old Comment=1.25M New Comment=Resistor
Change Component Comment : Designator=R8 Old Comment=1.25M New Comment=Resistor
Change Component Comment : Designator=R6 Old Comment=10k New Comment=1.25M
Change Component Comment : Designator=R2 Old Comment=10k New Comment=Resistor
Change Component Comment : Designator=P11 Old Comment=SIG2 New Comment=SIG1
Change Component Comment : Designator=P12 Old Comment=SIG2 New Comment=SIG1
Change Component Comment : Designator=P27 Old Comment=SIG2 New Comment=SIG1
Change Component Comment : Designator=P28 Old Comment=SIG2 New Comment=SIG1
Change Component Comment : Designator=P43 Old Comment=SIG2 New Comment=SIG1
Change Component Comment : Designator=P44 Old Comment=SIG2 New Comment=SIG1
Change Component Comment : Designator=P59 Old Comment=SIG2 New Comment=SIG1
Change Component Comment : Designator=P60 Old Comment=SIG2 New Comment=SIG1
Added Component: Designator=D6(Zener Diode)
Add component (AddParameter): Name = "Built_By"; Value = "EMA_Matt"; VariantName = "[No Variations]"
Add component (AddParameter): Name = "Copyright"; Value = "Copyright (C) 2018 Accelerated Designs. All rights reserved"; VariantName = "[No Variations]"
Add component (AddParameter): Name = "Manufacturer_Part_Number"; Value = "KDZVTR16B"; VariantName = "[No Variations]"
Add component (AddParameter): Name = "RefDes"; Value = "RefDes"; VariantName = "[No Variations]"
Add component (AddParameter): Name = "SourceLibrary"; Value = "Rohm_2019-09-23"; VariantName = "[No Variations]"
Add component (AddParameter): Name = "Type"; Value = "DEV"; VariantName = "[No Variations]"
Add component (AddParameter): Name = "Vendor"; Value = "ROHM Semiconductor"; VariantName = "[No Variations]"
Added Component: Designator=D7(Zener Diode)
Add component (AddParameter): Name = "Built_By"; Value = "EMA_Matt"; VariantName = "[No Variations]"
Add component (AddParameter): Name = "Copyright"; Value = "Copyright (C) 2018 Accelerated Designs. All rights reserved"; VariantName = "[No Variations]"
Add component (AddParameter): Name = "Manufacturer_Part_Number"; Value = "KDZVTR16B"; VariantName = "[No Variations]"
Add component (AddParameter): Name = "RefDes"; Value = "RefDes"; VariantName = "[No Variations]"
Add component (AddParameter): Name = "SourceLibrary"; Value = "Rohm_2019-09-23"; VariantName = "[No Variations]"
Add component (AddParameter): Name = "Type"; Value = "DEV"; VariantName = "[No Variations]"
Add component (AddParameter): Name = "Vendor"; Value = "ROHM Semiconductor"; VariantName = "[No Variations]"
Added Component: Designator=D8(Zener Diode)
Add component (AddParameter): Name = "Built_By"; Value = "EMA_Matt"; VariantName = "[No Variations]"
Add component (AddParameter): Name = "Copyright"; Value = "Copyright (C) 2018 Accelerated Designs. All rights reserved"; VariantName = "[No Variations]"
Add component (AddParameter): Name = "Manufacturer_Part_Number"; Value = "KDZVTR16B"; VariantName = "[No Variations]"
Add component (AddParameter): Name = "RefDes"; Value = "RefDes"; VariantName = "[No Variations]"
Add component (AddParameter): Name = "SourceLibrary"; Value = "Rohm_2019-09-23"; VariantName = "[No Variations]"
Add component (AddParameter): Name = "Type"; Value = "DEV"; VariantName = "[No Variations]"
Add component (AddParameter): Name = "Vendor"; Value = "ROHM Semiconductor"; VariantName = "[No Variations]"
Added Component: Designator=D9(Zener Diode)
Add component (AddParameter): Name = "Built_By"; Value = "EMA_Matt"; VariantName = "[No Variations]"
Add component (AddParameter): Name = "Copyright"; Value = "Copyright (C) 2018 Accelerated Designs. All rights reserved"; VariantName = "[No Variations]"
Add component (AddParameter): Name = "Manufacturer_Part_Number"; Value = "KDZVTR16B"; VariantName = "[No Variations]"
Add component (AddParameter): Name = "RefDes"; Value = "RefDes"; VariantName = "[No Variations]"
Add component (AddParameter): Name = "SourceLibrary"; Value = "Rohm_2019-09-23"; VariantName = "[No Variations]"
Add component (AddParameter): Name = "Type"; Value = "DEV"; VariantName = "[No Variations]"
Add component (AddParameter): Name = "Vendor"; Value = "ROHM Semiconductor"; VariantName = "[No Variations]"
Added Component: Designator=R9(LV Resistor)
Added Component: Designator=R10(LV Resistor)
Added Component: Designator=R11(LV Resistor)
Added Component: Designator=R12(LV Resistor)
Added Component: Designator=R13(LV Resistor)
Added Component: Designator=R14(LV Resistor)
Added Component: Designator=R15(HV resistor)
Added Component: Designator=R16(HV resistor)
Added Pin To Net: NetName=GND Pin=D6-2
Added Pin To Net: NetName=GND Pin=D7-2
Added Pin To Net: NetName=GND Pin=D8-2
Added Pin To Net: NetName=GND Pin=D9-2
Added Pin To Net: NetName=3kV Pin=R6-1
Added Pin To Net: NetName=HVSIG2 Pin=R6-2
Added Pin To Net: NetName=NetD1_K Pin=R9-1
Added Pin To Net: NetName=GND Pin=R9-2
Added Pin To Net: NetName=GND Pin=R10-1
Added Pin To Net: NetName=LED Pin=R10-2
Added Pin To Net: NetName=NetD4_A Pin=R11-1
Added Pin To Net: NetName=PWR Pin=R11-2
Added Pin To Net: NetName=NetD3_K Pin=R12-1
Added Pin To Net: NetName=GND Pin=R12-2
Added Pin To Net: NetName=GND Pin=R13-1
Added Pin To Net: NetName=GND Pin=R14-1
Added Pin To Net: NetName=3kV Pin=R15-1
Added Pin To Net: NetName=HVSIG3 Pin=R15-2
Added Pin To Net: NetName=3kV Pin=R16-1
Added Pin To Net: NetName=HVSIG4 Pin=R16-2
Added Pin To Net: NetName=5V Pin=U1-1
Added Pin To Net: NetName=SIG1 Pin=U1-2
Added Pin To Net: NetName=GND Pin=U1-3
Added Pin To Net: NetName=GND Pin=U1-4
Added Pin To Net: NetName=20V Pin=U1-6
Added Pin To Net: NetName=SIG1 Pin=U2-2
Added Pin To Net: NetName=GND Pin=U2-3
Added Pin To Net: NetName=20V Pin=U2-6
Added Pin To Net: NetName=SIG1 Pin=U3-2
Added Pin To Net: NetName=GND Pin=U3-3
Added Pin To Net: NetName=GND Pin=U3-4
Added Pin To Net: NetName=20V Pin=U3-6
Added Pin To Net: NetName=5V Pin=U4-1
Added Pin To Net: NetName=SIG1 Pin=U4-2
Added Pin To Net: NetName=GND Pin=U4-4
Added Pin To Net: NetName=20V Pin=U4-6
Added Pin To Net: NetName=NetD6_1 Pin=D6-1
Added Pin To Net: NetName=NetD6_1 Pin=Q1-1
Added Pin To Net: NetName=NetD6_1 Pin=R1-2
Added Pin To Net: NetName=NetD6_1 Pin=R2-1
Added Net: Name=NetD6_1
Added Pin To Net: NetName=NetD7_1 Pin=D7-1
Added Pin To Net: NetName=NetD7_1 Pin=Q2-1
Added Pin To Net: NetName=NetD7_1 Pin=R4-1
Added Pin To Net: NetName=NetD7_1 Pin=R5-2
Added Net: Name=NetD7_1
Added Pin To Net: NetName=NetD8_1 Pin=D8-1
Added Pin To Net: NetName=NetD8_1 Pin=Q3-1
Added Pin To Net: NetName=NetD8_1 Pin=R7-1
Added Pin To Net: NetName=NetD8_1 Pin=R13-2
Added Net: Name=NetD8_1
Added Pin To Net: NetName=NetD9_1 Pin=D9-1
Added Pin To Net: NetName=NetD9_1 Pin=Q4-1
Added Pin To Net: NetName=NetD9_1 Pin=R8-1
Added Pin To Net: NetName=NetD9_1 Pin=R14-2
Added Net: Name=NetD9_1
Added Pin To Net: NetName=NetR2_2 Pin=R2-2
Added Pin To Net: NetName=NetR2_2 Pin=U1-5
Added Net: Name=NetR2_2
Added Pin To Net: NetName=NetR4_2 Pin=R4-2
Added Pin To Net: NetName=NetR4_2 Pin=U2-5
Added Net: Name=NetR4_2
Added Pin To Net: NetName=NetR7_2 Pin=R7-2
Added Pin To Net: NetName=NetR7_2 Pin=U3-5
Added Net: Name=NetR7_2
Added Pin To Net: NetName=NetR8_2 Pin=R8-2
Added Pin To Net: NetName=NetR8_2 Pin=U4-5
Added Net: Name=NetR8_2
Added Member To Class: ClassName=benchtopsch Member=Component D6 Zener Diode
Added Member To Class: ClassName=benchtopsch Member=Component D7 Zener Diode
Added Member To Class: ClassName=benchtopsch Member=Component D8 Zener Diode
Added Member To Class: ClassName=benchtopsch Member=Component D9 Zener Diode
Added Member To Class: ClassName=benchtopsch Member=Component R4 Resistor
Added Member To Class: ClassName=U_EBoxschematic Member=Component R9 Resistor
Added Member To Class: ClassName=U_EBoxschematic Member=Component R10 Resistor
Added Member To Class: ClassName=U_EBoxschematic Member=Component R11 Resistor
Added Member To Class: ClassName=U_EBoxschematic Member=Component R12 Resistor
Added Member To Class: ClassName=benchtopsch Member=Component R13 10k
Added Member To Class: ClassName=benchtopsch Member=Component R14 10k
Added Member To Class: ClassName=benchtopsch Member=Component R15 1.25M
Added Member To Class: ClassName=benchtopsch Member=Component R16 1.25M
Added Room: Name=U_EBoxschematic
