Removed Pin From Net: NetName=28V_OUT Pin=D7-1
Removed Pin From Net: NetName=28V_OUT Pin=J2-1
Removed Pin From Net: NetName=28V_OUT Pin=P3-2
Removed Pin From Net: NetName=28V_OUT Pin=P4-1
Removed Pin From Net: NetName=5V Pin=P5-3
Removed Pin From Net: NetName=GND Pin=R2-1
Change Component Comment : Designator=P4 Old Comment=28V_OUT New Comment=28V_OUT_PWR
Change Component Comment : Designator=P5 Old Comment=ARDUINO_PWR_SW New Comment=HV_SW
Change Component Comment : Designator=P3 Old Comment=EDS_PWR_SW New Comment=PWR_SW
Change Component Comment : Designator=P2 Old Comment=ONOFF New Comment=28V_OUT_HV
Added Component: Designator=D2(LED 12V Thru Hole)
Added Pin To Net: NetName=GND Pin=R2-2
Added Pin To Net: NetName=28V_OUT_HV Pin=D2-1
Added Pin To Net: NetName=28V_OUT_HV Pin=J2-1
Added Pin To Net: NetName=28V_OUT_HV Pin=P2-1
Added Pin To Net: NetName=28V_OUT_HV Pin=P5-2
Added Net: Name=28V_OUT_HV
Added Pin To Net: NetName=28V_OUT_PWR Pin=D7-1
Added Pin To Net: NetName=28V_OUT_PWR Pin=P3-2
Added Pin To Net: NetName=28V_OUT_PWR Pin=P4-1
Added Pin To Net: NetName=28V_OUT_PWR Pin=P5-3
Added Net: Name=28V_OUT_PWR
Added Pin To Net: NetName=NetD2_2 Pin=D2-2
Added Pin To Net: NetName=NetD2_2 Pin=R2-1
Added Net: Name=NetD2_2
Added Member To Class: ClassName=top_ebox_v3 Member=Component D2 LED
