Removed Pin From Net: NetName=GND Pin=P10-1
Removed Pin From Net: NetName=GND Pin=P17-1
Removed Pin From Net: NetName=GND Pin=P26-1
Removed Pin From Net: NetName=GND Pin=P34-1
Removed Pin From Net: NetName=GND Pin=P42-1
Removed Pin From Net: NetName=GND Pin=P50-1
Removed Pin From Net: NetName=GND Pin=P58-1
Removed Pin From Net: NetName=GND Pin=P66-1
Removed Pin From Net: NetName=NetP24_U1_power_1 Pin=R2_U1-1
Removed Pin From Net: NetName=NetD1_U1_power_1 Pin=R2_U1-2
Removed Pin From Net: NetName=NetP24_U2_power_1 Pin=R2_U2-1
Removed Pin From Net: NetName=NetD1_U2_power_1 Pin=R2_U2-2
Removed Pin From Net: NetName=NetP24_U3_power_1 Pin=R2_U3-1
Removed Pin From Net: NetName=NetD1_U3_power_1 Pin=R2_U3-2
Removed Pin From Net: NetName=NetP24_U4_power_1 Pin=R2_U4-1
Removed Pin From Net: NetName=NetD1_U4_power_1 Pin=R2_U4-2
Removed Member From Class: ClassName=U1_power Member=R2_U1
Removed Member From Class: ClassName=U2_power Member=R2_U2
Removed Member From Class: ClassName=U3_power Member=R2_U3
Removed Member From Class: ClassName=U4_power Member=R2_U4
Change Component Footprint: Designator=C1_U1 Old Footprint=0.1UF New Footprint=0.1uF Cer SMD
Change Component Footprint: Designator=C1_U2 Old Footprint=0.1UF New Footprint=0.1uF Cer SMD
Change Component Footprint: Designator=C1_U3 Old Footprint=0.1UF New Footprint=0.1uF Cer SMD
Change Component Footprint: Designator=C1_U4 Old Footprint=0.1UF New Footprint=0.1uF Cer SMD
Change Component Footprint: Designator=C3_U1 Old Footprint=0.1UF New Footprint=0.1uF Cer SMD
Change Component Footprint: Designator=C3_U2 Old Footprint=0.1UF New Footprint=0.1uF Cer SMD
Change Component Footprint: Designator=C3_U3 Old Footprint=0.1UF New Footprint=0.1uF Cer SMD
Change Component Footprint: Designator=C3_U4 Old Footprint=0.1UF New Footprint=0.1uF Cer SMD
Change Component Footprint: Designator=C2_U1 Old Footprint=10UF CERAMIC CAPACITOR New Footprint=10uF Cer SMD
Change Component Footprint: Designator=C2_U2 Old Footprint=10UF CERAMIC CAPACITOR New Footprint=10uF Cer SMD
Change Component Footprint: Designator=C2_U3 Old Footprint=10UF CERAMIC CAPACITOR New Footprint=10uF Cer SMD
Change Component Footprint: Designator=C2_U4 Old Footprint=10UF CERAMIC CAPACITOR New Footprint=10uF Cer SMD
Change Component Footprint: Designator=C4_U1 Old Footprint=10UF CERAMIC CAPACITOR New Footprint=10uF Cer SMD
Change Component Footprint: Designator=C4_U2 Old Footprint=10UF CERAMIC CAPACITOR New Footprint=10uF Cer SMD
Change Component Footprint: Designator=C4_U3 Old Footprint=10UF CERAMIC CAPACITOR New Footprint=10uF Cer SMD
Change Component Footprint: Designator=C4_U4 Old Footprint=10UF CERAMIC CAPACITOR New Footprint=10uF Cer SMD
Change Component Footprint: Designator=R1_U1 Old Footprint=HV RESISTOR New Footprint=10M Ohm
Change Component Footprint: Designator=R1_U2 Old Footprint=HV RESISTOR New Footprint=10M Ohm
Change Component Footprint: Designator=R1_U3 Old Footprint=HV RESISTOR New Footprint=10M Ohm
Change Component Footprint: Designator=R1_U4 Old Footprint=HV RESISTOR New Footprint=10M Ohm
Added Component: Designator=R2_U1_power(4.99 Ohm)
Added Component: Designator=R2_U2_power(4.99 Ohm)
Added Component: Designator=R2_U3_power(4.99 Ohm)
Added Component: Designator=R2_U4_power(4.99 Ohm)
Added Pin To Net: NetName=GND_OUT_1 Pin=P10-1
Added Pin To Net: NetName=GND_OUT_1 Pin=P17-1
Added Pin To Net: NetName=GND_OUT_1 Pin=P26-1
Added Pin To Net: NetName=GND_OUT_1 Pin=P34-1
Added Pin To Net: NetName=GND_OUT_1 Pin=P42-1
Added Pin To Net: NetName=GND_OUT_1 Pin=P50-1
Added Pin To Net: NetName=GND_OUT_1 Pin=P58-1
Added Pin To Net: NetName=GND_OUT_1 Pin=P66-1
Added Pin To Net: NetName=NetD1_U1_power_1 Pin=R2_U1_power-1
Added Pin To Net: NetName=NetP24_U1_power_1 Pin=R2_U1_power-2
Added Pin To Net: NetName=NetD1_U2_power_1 Pin=R2_U2_power-1
Added Pin To Net: NetName=NetP24_U2_power_1 Pin=R2_U2_power-2
Added Pin To Net: NetName=NetD1_U3_power_1 Pin=R2_U3_power-1
Added Pin To Net: NetName=NetP24_U3_power_1 Pin=R2_U3_power-2
Added Pin To Net: NetName=NetD1_U4_power_1 Pin=R2_U4_power-1
Added Pin To Net: NetName=NetP24_U4_power_1 Pin=R2_U4_power-2
Added Member To Class: ClassName=U1_power Member=Component R2_U1_power (R2) Resistor
Added Member To Class: ClassName=U2_power Member=Component R2_U2_power (R2) Resistor
Added Member To Class: ClassName=U3_power Member=Component R2_U3_power (R2) Resistor
Added Member To Class: ClassName=U4_power Member=Component R2_U4_power (R2) Resistor
