Removed Pin From Net: NetName=5V_OUT_1 Pin=U1_U1-1
Removed Pin From Net: NetName=SIG1_OUT_1 Pin=U1_U1-2
Removed Pin From Net: NetName=GND Pin=U1_U1-3
Removed Pin From Net: NetName=GND Pin=U1_U1-4
Removed Pin From Net: NetName=10V_OUT_1 Pin=U1_U1-6
Removed Pin From Net: NetName=5V_OUT_1 Pin=U1_U2-1
Removed Pin From Net: NetName=SIG2_OUT_1 Pin=U1_U2-2
Removed Pin From Net: NetName=GND Pin=U1_U2-3
Removed Pin From Net: NetName=GND Pin=U1_U2-4
Removed Pin From Net: NetName=10V_OUT_1 Pin=U1_U2-6
Removed Pin From Net: NetName=5V_OUT_1 Pin=U1_U3-1
Removed Pin From Net: NetName=SIG3_OUT_1 Pin=U1_U3-2
Removed Pin From Net: NetName=GND Pin=U1_U3-3
Removed Pin From Net: NetName=GND Pin=U1_U3-4
Removed Pin From Net: NetName=10V_OUT_1 Pin=U1_U3-6
Removed Pin From Net: NetName=5V_OUT_1 Pin=U1_U4-1
Removed Pin From Net: NetName=SIG4_OUT_1 Pin=U1_U4-2
Removed Pin From Net: NetName=GND Pin=U1_U4-3
Removed Pin From Net: NetName=GND Pin=U1_U4-4
Removed Pin From Net: NetName=10V_OUT_1 Pin=U1_U4-6
Change Component Comment : Designator=R2_U1_power Old Comment=Resistor New Comment=4.99
Change Component Comment : Designator=R2_U2_power Old Comment=Resistor New Comment=4.99
Change Component Comment : Designator=R2_U3_power Old Comment=Resistor New Comment=4.99
Change Component Comment : Designator=R2_U4_power Old Comment=Resistor New Comment=4.99
Change Component Designator: OldDesignator=C1_U1 NewDesignator=C1_1
Change Component Designator: OldDesignator=C1_U2 NewDesignator=C1_2
Change Component Designator: OldDesignator=C1_U3 NewDesignator=C1_3
Change Component Designator: OldDesignator=C1_U4 NewDesignator=C1_4
Change Component Designator: OldDesignator=C2_U1 NewDesignator=C2_1
Change Component Designator: OldDesignator=C2_U2 NewDesignator=C2_2
Change Component Designator: OldDesignator=C2_U3 NewDesignator=C2_3
Change Component Designator: OldDesignator=C2_U4 NewDesignator=C2_4
Change Component Designator: OldDesignator=C3_U1 NewDesignator=C3_1
Change Component Designator: OldDesignator=C3_U2 NewDesignator=C3_2
Change Component Designator: OldDesignator=C3_U3 NewDesignator=C3_3
Change Component Designator: OldDesignator=C3_U4 NewDesignator=C3_4
Change Component Designator: OldDesignator=C4_U1 NewDesignator=C4_1
Change Component Designator: OldDesignator=C4_U2 NewDesignator=C4_2
Change Component Designator: OldDesignator=C4_U3 NewDesignator=C4_3
Change Component Designator: OldDesignator=C4_U4 NewDesignator=C4_4
Change Component Designator: OldDesignator=D1_U1 NewDesignator=D1_1
Change Component Designator: OldDesignator=D1_U2 NewDesignator=D1_2
Change Component Designator: OldDesignator=D1_U3 NewDesignator=D1_3
Change Component Designator: OldDesignator=D1_U4 NewDesignator=D1_4
Change Component Designator: OldDesignator=P1_U1 NewDesignator=P1_1
Change Component Designator: OldDesignator=P1_U2 NewDesignator=P1_2
Change Component Designator: OldDesignator=P1_U3 NewDesignator=P1_3
Change Component Designator: OldDesignator=P1_U4 NewDesignator=P1_4
Change Component Designator: OldDesignator=P2_U1 NewDesignator=P2_1
Change Component Designator: OldDesignator=P2_U2 NewDesignator=P2_2
Change Component Designator: OldDesignator=P2_U3 NewDesignator=P2_3
Change Component Designator: OldDesignator=P2_U4 NewDesignator=P2_4
Change Component Designator: OldDesignator=P24_U1 NewDesignator=P24_1
Change Component Designator: OldDesignator=P24_U2 NewDesignator=P24_2
Change Component Designator: OldDesignator=P24_U3 NewDesignator=P24_3
Change Component Designator: OldDesignator=P24_U4 NewDesignator=P24_4
Change Component Designator: OldDesignator=Q1_U1 NewDesignator=Q1_1
Change Component Designator: OldDesignator=Q1_U2 NewDesignator=Q1_2
Change Component Designator: OldDesignator=Q1_U3 NewDesignator=Q1_3
Change Component Designator: OldDesignator=Q1_U4 NewDesignator=Q1_4
Change Component Designator: OldDesignator=R1_U1 NewDesignator=R1_1
Change Component Designator: OldDesignator=R1_U2 NewDesignator=R1_2
Change Component Designator: OldDesignator=R1_U3 NewDesignator=R1_3
Change Component Designator: OldDesignator=R1_U4 NewDesignator=R1_4
Change Component Designator: OldDesignator=R2_U1_power NewDesignator=R2_1
Change Component Designator: OldDesignator=R2_U2_power NewDesignator=R2_2
Change Component Designator: OldDesignator=R2_U3_power NewDesignator=R2_3
Change Component Designator: OldDesignator=R2_U4_power NewDesignator=R2_4
Added Component: Designator=U1_1(Gate Driver)
Added Component: Designator=U1_2(Gate Driver)
Added Component: Designator=U1_3(Gate Driver)
Added Component: Designator=U1_4(Gate Driver)
Added Pin To Net: NetName=5V_OUT_1 Pin=U1_1-1
Added Pin To Net: NetName=SIG1_OUT_1 Pin=U1_1-2
Added Pin To Net: NetName=GND Pin=U1_1-3
Added Pin To Net: NetName=GND Pin=U1_1-4
Added Pin To Net: NetName=10V_OUT_1 Pin=U1_1-6
Added Pin To Net: NetName=5V_OUT_1 Pin=U1_2-1
Added Pin To Net: NetName=SIG2_OUT_1 Pin=U1_2-2
Added Pin To Net: NetName=GND Pin=U1_2-3
Added Pin To Net: NetName=GND Pin=U1_2-4
Added Pin To Net: NetName=10V_OUT_1 Pin=U1_2-6
Added Pin To Net: NetName=5V_OUT_1 Pin=U1_3-1
Added Pin To Net: NetName=SIG3_OUT_1 Pin=U1_3-2
Added Pin To Net: NetName=GND Pin=U1_3-3
Added Pin To Net: NetName=GND Pin=U1_3-4
Added Pin To Net: NetName=10V_OUT_1 Pin=U1_3-6
Added Pin To Net: NetName=5V_OUT_1 Pin=U1_4-1
Added Pin To Net: NetName=SIG4_OUT_1 Pin=U1_4-2
Added Pin To Net: NetName=GND Pin=U1_4-3
Added Pin To Net: NetName=GND Pin=U1_4-4
Added Pin To Net: NetName=10V_OUT_1 Pin=U1_4-6
Change Net Name : Old Net Name=NetD1_U1_power_1 New Net Name=NetD1_1_1
Change Net Name : Old Net Name=NetD1_U2_power_1 New Net Name=NetD1_2_1
Change Net Name : Old Net Name=NetD1_U3_power_1 New Net Name=NetD1_3_1
Change Net Name : Old Net Name=NetD1_U4_power_1 New Net Name=NetD1_4_1
Added Pin To Net: NetName=NetP24_1_1 Pin=P24_1-1
Added Pin To Net: NetName=NetP24_1_1 Pin=R2_1-2
Added Pin To Net: NetName=NetP24_1_1 Pin=U1_1-5
Added Net: Name=NetP24_1_1
Added Pin To Net: NetName=NetP24_2_1 Pin=P24_2-1
Added Pin To Net: NetName=NetP24_2_1 Pin=R2_2-2
Added Pin To Net: NetName=NetP24_2_1 Pin=U1_2-5
Added Net: Name=NetP24_2_1
Added Pin To Net: NetName=NetP24_3_1 Pin=P24_3-1
Added Pin To Net: NetName=NetP24_3_1 Pin=R2_3-2
Added Pin To Net: NetName=NetP24_3_1 Pin=U1_3-5
Added Net: Name=NetP24_3_1
Added Pin To Net: NetName=NetP24_4_1 Pin=P24_4-1
Added Pin To Net: NetName=NetP24_4_1 Pin=R2_4-2
Added Pin To Net: NetName=NetP24_4_1 Pin=U1_4-5
Added Net: Name=NetP24_4_1
Added Member To Class: ClassName=U1_power Member=Component C1_1 (C1) Capacitor
Added Member To Class: ClassName=U2_power Member=Component C1_2 (C1) Capacitor
Added Member To Class: ClassName=U3_power Member=Component C1_3 (C1) Capacitor
Added Member To Class: ClassName=U4_power Member=Component C1_4 (C1) Capacitor
Added Member To Class: ClassName=U1_power Member=Component C2_1 (C2) 10u
Added Member To Class: ClassName=U2_power Member=Component C2_2 (C2) 10u
Added Member To Class: ClassName=U3_power Member=Component C2_3 (C2) 10u
Added Member To Class: ClassName=U4_power Member=Component C2_4 (C2) 10u
Added Member To Class: ClassName=U1_power Member=Component C3_1 (C3) Capacitor
Added Member To Class: ClassName=U2_power Member=Component C3_2 (C3) Capacitor
Added Member To Class: ClassName=U3_power Member=Component C3_3 (C3) Capacitor
Added Member To Class: ClassName=U4_power Member=Component C3_4 (C3) Capacitor
Added Member To Class: ClassName=U1_power Member=Component C4_1 (C4) 10u
Added Member To Class: ClassName=U2_power Member=Component C4_2 (C4) 10u
Added Member To Class: ClassName=U3_power Member=Component C4_3 (C4) 10u
Added Member To Class: ClassName=U4_power Member=Component C4_4 (C4) 10u
Added Member To Class: ClassName=U1_power Member=Component D1_1 (D1) Zener Diode
Added Member To Class: ClassName=U2_power Member=Component D1_2 (D1) Zener Diode
Added Member To Class: ClassName=U3_power Member=Component D1_3 (D1) Zener Diode
Added Member To Class: ClassName=U4_power Member=Component D1_4 (D1) Zener Diode
Added Member To Class: ClassName=U1_power Member=Component P1_1 (P1) 5003
Added Member To Class: ClassName=U2_power Member=Component P1_2 (P1) 5003
Added Member To Class: ClassName=U3_power Member=Component P1_3 (P1) 5003
Added Member To Class: ClassName=U4_power Member=Component P1_4 (P1) 5003
Added Member To Class: ClassName=U1_power Member=Component P2_1 (P2) 5003
Added Member To Class: ClassName=U2_power Member=Component P2_2 (P2) 5003
Added Member To Class: ClassName=U3_power Member=Component P2_3 (P2) 5003
Added Member To Class: ClassName=U4_power Member=Component P2_4 (P2) 5003
Added Member To Class: ClassName=U1_power Member=Component P24_1 (P24) 5003
Added Member To Class: ClassName=U2_power Member=Component P24_2 (P24) 5003
Added Member To Class: ClassName=U3_power Member=Component P24_3 (P24) 5003
Added Member To Class: ClassName=U4_power Member=Component P24_4 (P24) 5003
Added Member To Class: ClassName=U1_power Member=Component Q1_1 (Q1) IXTL2N450
Added Member To Class: ClassName=U2_power Member=Component Q1_2 (Q1) IXTL2N450
Added Member To Class: ClassName=U3_power Member=Component Q1_3 (Q1) IXTL2N450
Added Member To Class: ClassName=U4_power Member=Component Q1_4 (Q1) IXTL2N450
Added Member To Class: ClassName=U1_power Member=Component R1_1 (R1) Resistor
Added Member To Class: ClassName=U2_power Member=Component R1_2 (R1) Resistor
Added Member To Class: ClassName=U3_power Member=Component R1_3 (R1) Resistor
Added Member To Class: ClassName=U4_power Member=Component R1_4 (R1) Resistor
Added Member To Class: ClassName=U1_power Member=Component R2_1 (R2) 4.99
Added Member To Class: ClassName=U2_power Member=Component R2_2 (R2) 4.99
Added Member To Class: ClassName=U3_power Member=Component R2_3 (R2) 4.99
Added Member To Class: ClassName=U4_power Member=Component R2_4 (R2) 4.99
Added Member To Class: ClassName=U1_power Member=Component U1_1 (U1) ADuM4120
Added Member To Class: ClassName=U2_power Member=Component U1_2 (U1) ADuM4120
Added Member To Class: ClassName=U3_power Member=Component U1_3 (U1) ADuM4120
Added Member To Class: ClassName=U4_power Member=Component U1_4 (U1) ADuM4120
