Removed Pin From Net: NetName=5V_OUT_1 Pin=J1-1
Removed Pin From Net: NetName=10V_OUT_1 Pin=J1-2
Removed Pin From Net: NetName=5V_OUT_1 Pin=J2-1
Removed Pin From Net: NetName=10V_OUT_1 Pin=J2-2
Removed Pin From Net: NetName=5V_OUT_1 Pin=J3-1
Removed Pin From Net: NetName=10V_OUT_1 Pin=J3-2
Removed Pin From Net: NetName=5V_OUT_1 Pin=J4-1
Removed Pin From Net: NetName=10V_OUT_1 Pin=J4-2
Removed Pin From Net: NetName=5V_OUT_1 Pin=J5-1
Removed Pin From Net: NetName=10V_OUT_1 Pin=J5-2
Removed Pin From Net: NetName=5V_OUT_1 Pin=J6-1
Removed Pin From Net: NetName=10V_OUT_1 Pin=J6-2
Removed Pin From Net: NetName=5V_OUT_1 Pin=J7-1
Removed Pin From Net: NetName=10V_OUT_1 Pin=J7-2
Removed Pin From Net: NetName=5V_OUT_1 Pin=J8-1
Removed Pin From Net: NetName=10V_OUT_1 Pin=J8-2
Removed Pin From Net: NetName=SIG2_OUT_1 Pin=P8_2-1
Removed Pin From Net: NetName=SIG3_OUT_1 Pin=P8_3-1
Removed Pin From Net: NetName=SIG4_OUT_1 Pin=P8_4-1
Removed Pin From Net: NetName=SIG2_OUT_1 Pin=U1_2-2
Removed Pin From Net: NetName=SIG3_OUT_1 Pin=U1_3-2
Removed Pin From Net: NetName=SIG4_OUT_1 Pin=U1_4-2
Added Pin To Net: NetName=5V_OUT_1 Pin=J1-6
Added Pin To Net: NetName=10V_OUT_1 Pin=J1-7
Added Pin To Net: NetName=5V_OUT_1 Pin=J2-6
Added Pin To Net: NetName=10V_OUT_1 Pin=J2-7
Added Pin To Net: NetName=5V_OUT_1 Pin=J3-6
Added Pin To Net: NetName=10V_OUT_1 Pin=J3-7
Added Pin To Net: NetName=5V_OUT_1 Pin=J4-6
Added Pin To Net: NetName=10V_OUT_1 Pin=J4-7
Added Pin To Net: NetName=5V_OUT_1 Pin=J5-6
Added Pin To Net: NetName=10V_OUT_1 Pin=J5-7
Added Pin To Net: NetName=5V_OUT_1 Pin=J6-6
Added Pin To Net: NetName=10V_OUT_1 Pin=J6-7
Added Pin To Net: NetName=5V_OUT_1 Pin=J7-6
Added Pin To Net: NetName=10V_OUT_1 Pin=J7-7
Added Pin To Net: NetName=5V_OUT_1 Pin=J8-6
Added Pin To Net: NetName=10V_OUT_1 Pin=J8-7
Added Pin To Net: NetName=SIG3_OUT_1 Pin=P8_1-1
Added Pin To Net: NetName=SIG4_OUT_1 Pin=P8_2-1
Added Pin To Net: NetName=SIG3_OUT_1 Pin=U1_1-2
Added Pin To Net: NetName=SIG4_OUT_1 Pin=U1_2-2
Change Net Name : Old Net Name=SIG2_OUT_1 New Net Name=GND_OUT_1
Change Net Name : Old Net Name=SIG3_OUT_1 New Net Name=SIG1_OUT_1
Change Net Name : Old Net Name=SIG4_OUT_1 New Net Name=SIG2_OUT_1
Added Pin To Net: NetName=SIG3_OUT_1 Pin=J1-2
Added Pin To Net: NetName=SIG3_OUT_1 Pin=J2-2
Added Pin To Net: NetName=SIG3_OUT_1 Pin=J3-2
Added Pin To Net: NetName=SIG3_OUT_1 Pin=J4-2
Added Pin To Net: NetName=SIG3_OUT_1 Pin=J5-2
Added Pin To Net: NetName=SIG3_OUT_1 Pin=J6-2
Added Pin To Net: NetName=SIG3_OUT_1 Pin=J7-2
Added Pin To Net: NetName=SIG3_OUT_1 Pin=J8-2
Added Pin To Net: NetName=SIG3_OUT_1 Pin=P8_3-1
Added Pin To Net: NetName=SIG3_OUT_1 Pin=U1_3-2
Added Net: Name=SIG3_OUT_1
Added Pin To Net: NetName=SIG4_OUT_1 Pin=J1-1
Added Pin To Net: NetName=SIG4_OUT_1 Pin=J2-1
Added Pin To Net: NetName=SIG4_OUT_1 Pin=J3-1
Added Pin To Net: NetName=SIG4_OUT_1 Pin=J4-1
Added Pin To Net: NetName=SIG4_OUT_1 Pin=J5-1
Added Pin To Net: NetName=SIG4_OUT_1 Pin=J6-1
Added Pin To Net: NetName=SIG4_OUT_1 Pin=J7-1
Added Pin To Net: NetName=SIG4_OUT_1 Pin=J8-1
Added Pin To Net: NetName=SIG4_OUT_1 Pin=P8_4-1
Added Pin To Net: NetName=SIG4_OUT_1 Pin=U1_4-2
Added Net: Name=SIG4_OUT_1
