Change Component Footprint: Designator=R1_1 Old Footprint=10M Ohm New Footprint=4.99 Ohm
Change Component Footprint: Designator=R1_2 Old Footprint=10M Ohm New Footprint=4.99 Ohm
Change Component Footprint: Designator=R1_3 Old Footprint=10M Ohm New Footprint=4.99 Ohm
Change Component Footprint: Designator=R1_4 Old Footprint=10M Ohm New Footprint=4.99 Ohm
Change Component Footprint: Designator=J1 Old Footprint=2078430008 New Footprint=1x8 Header
Change Component Footprint: Designator=J2 Old Footprint=2078430008 New Footprint=1x8 Header
Change Component Footprint: Designator=J3 Old Footprint=2078430008 New Footprint=1x8 Header
Change Component Footprint: Designator=J4 Old Footprint=2078430008 New Footprint=1x8 Header
Change Component Footprint: Designator=J5 Old Footprint=2078430008 New Footprint=1x8 Header
Change Component Footprint: Designator=J6 Old Footprint=2078430008 New Footprint=1x8 Header
Change Component Footprint: Designator=J7 Old Footprint=2078430008 New Footprint=1x8 Header
Change Component Footprint: Designator=J8 Old Footprint=2078430008 New Footprint=1x8 Header
Added Member To Class: ClassName=U1_power Member=Component C1_1 (C1) 0.1u
Added Member To Class: ClassName=U2_power Member=Component C1_2 (C1) 0.1u
Added Member To Class: ClassName=U3_power Member=Component C1_3 (C1) 0.1u
Added Member To Class: ClassName=U4_power Member=Component C1_4 (C1) 0.1u
Added Member To Class: ClassName=U1_power Member=Component C2_1 (C2) 10u
Added Member To Class: ClassName=U2_power Member=Component C2_2 (C2) 10u
Added Member To Class: ClassName=U3_power Member=Component C2_3 (C2) 10u
Added Member To Class: ClassName=U4_power Member=Component C2_4 (C2) 10u
Added Member To Class: ClassName=top_pls Member=Component C2 27n
Added Member To Class: ClassName=U1_power Member=Component C3_1 (C3) 0.1u
Added Member To Class: ClassName=U2_power Member=Component C3_2 (C3) 0.1u
Added Member To Class: ClassName=U3_power Member=Component C3_3 (C3) 0.1u
Added Member To Class: ClassName=U4_power Member=Component C3_4 (C3) 0.1u
Added Member To Class: ClassName=U1_power Member=Component C4_1 (C4) 10u
Added Member To Class: ClassName=U2_power Member=Component C4_2 (C4) 10u
Added Member To Class: ClassName=U3_power Member=Component C4_3 (C4) 10u
Added Member To Class: ClassName=U4_power Member=Component C4_4 (C4) 10u
Added Member To Class: ClassName=U1_power Member=Component D1_1 (D1) Zener Diode
Added Member To Class: ClassName=U2_power Member=Component D1_2 (D1) Zener Diode
Added Member To Class: ClassName=U3_power Member=Component D1_3 (D1) Zener Diode
Added Member To Class: ClassName=U4_power Member=Component D1_4 (D1) Zener Diode
Added Member To Class: ClassName=top_pls Member=Component J1 207843-0008
Added Member To Class: ClassName=top_pls Member=Component J2 207843-0008
Added Member To Class: ClassName=top_pls Member=Component J3 207843-0008
Added Member To Class: ClassName=top_pls Member=Component J4 207843-0008
Added Member To Class: ClassName=top_pls Member=Component J5 207843-0008
Added Member To Class: ClassName=top_pls Member=Component J6 207843-0008
Added Member To Class: ClassName=top_pls Member=Component J7 207843-0008
Added Member To Class: ClassName=top_pls Member=Component J8 207843-0008
Added Member To Class: ClassName=top_pls Member=Component P2 Output Point
Added Member To Class: ClassName=top_pls Member=Component P3 Output Point
Added Member To Class: ClassName=top_pls Member=Component P4 Output Point
Added Member To Class: ClassName=top_pls Member=Component P5 Output Point
Added Member To Class: ClassName=U1_power Member=Component P6_1 (P6) Output Point
Added Member To Class: ClassName=U2_power Member=Component P6_2 (P6) Output Point
Added Member To Class: ClassName=U3_power Member=Component P6_3 (P6) Output Point
Added Member To Class: ClassName=U4_power Member=Component P6_4 (P6) Output Point
Added Member To Class: ClassName=U1_power Member=Component P7_1 (P7) Output Point
Added Member To Class: ClassName=U2_power Member=Component P7_2 (P7) Output Point
Added Member To Class: ClassName=U3_power Member=Component P7_3 (P7) Output Point
Added Member To Class: ClassName=U4_power Member=Component P7_4 (P7) Output Point
Added Member To Class: ClassName=U1_power Member=Component P8_1 (P8) Output Point
Added Member To Class: ClassName=U2_power Member=Component P8_2 (P8) Output Point
Added Member To Class: ClassName=U3_power Member=Component P8_3 (P8) Output Point
Added Member To Class: ClassName=U4_power Member=Component P8_4 (P8) Output Point
Added Member To Class: ClassName=U1_power Member=Component P9_1 (P9) Output Point
Added Member To Class: ClassName=U2_power Member=Component P9_2 (P9) Output Point
Added Member To Class: ClassName=U3_power Member=Component P9_3 (P9) Output Point
Added Member To Class: ClassName=U4_power Member=Component P9_4 (P9) Output Point
Added Member To Class: ClassName=U1_power Member=Component P10_1 (P10) Output Point
Added Member To Class: ClassName=U2_power Member=Component P10_2 (P10) Output Point
Added Member To Class: ClassName=U3_power Member=Component P10_3 (P10) Output Point
Added Member To Class: ClassName=U4_power Member=Component P10_4 (P10) Output Point
Added Member To Class: ClassName=U1_power Member=Component Q1_1 (Q1) MOSFET
Added Member To Class: ClassName=U2_power Member=Component Q1_2 (Q1) MOSFET
Added Member To Class: ClassName=U3_power Member=Component Q1_3 (Q1) MOSFET
Added Member To Class: ClassName=U4_power Member=Component Q1_4 (Q1) MOSFET
Added Member To Class: ClassName=U1_power Member=Component R1_1 (R1) 10M
Added Member To Class: ClassName=U2_power Member=Component R1_2 (R1) 10M
Added Member To Class: ClassName=U3_power Member=Component R1_3 (R1) 10M
Added Member To Class: ClassName=U4_power Member=Component R1_4 (R1) 10M
Added Member To Class: ClassName=U1_power Member=Component R2_1 (R2) 4.99
Added Member To Class: ClassName=U2_power Member=Component R2_2 (R2) 4.99
Added Member To Class: ClassName=U3_power Member=Component R2_3 (R2) 4.99
Added Member To Class: ClassName=U4_power Member=Component R2_4 (R2) 4.99
Added Member To Class: ClassName=top_pls Member=Component R3 330
Added Member To Class: ClassName=top_pls Member=Component R4 180
Added Member To Class: ClassName=U1_power Member=Component U1_1 (U1) Gate Driver
Added Member To Class: ClassName=U2_power Member=Component U1_2 (U1) Gate Driver
Added Member To Class: ClassName=U3_power Member=Component U1_3 (U1) Gate Driver
Added Member To Class: ClassName=U4_power Member=Component U1_4 (U1) Gate Driver
Added Member To Class: ClassName=top_pls Member=Component U2 Step Up Converter
