Added Pin To Net: NetName=GND Pin=C1_1-1
Added Pin To Net: NetName=10V_OUT_1 Pin=C1_1-2
Added Pin To Net: NetName=GND Pin=C1_2-1
Added Pin To Net: NetName=10V_OUT_1 Pin=C1_2-2
Added Pin To Net: NetName=GND Pin=C1_3-1
Added Pin To Net: NetName=10V_OUT_1 Pin=C1_3-2
Added Pin To Net: NetName=GND Pin=C1_4-1
Added Pin To Net: NetName=10V_OUT_1 Pin=C1_4-2
Added Pin To Net: NetName=GND Pin=C2-1
Added Pin To Net: NetName=3kV Pin=C2-2
Added Pin To Net: NetName=GND Pin=C2_1-1
Added Pin To Net: NetName=10V_OUT_1 Pin=C2_1-2
Added Pin To Net: NetName=GND Pin=C2_2-1
Added Pin To Net: NetName=10V_OUT_1 Pin=C2_2-2
Added Pin To Net: NetName=GND Pin=C2_3-1
Added Pin To Net: NetName=10V_OUT_1 Pin=C2_3-2
Added Pin To Net: NetName=GND Pin=C2_4-1
Added Pin To Net: NetName=10V_OUT_1 Pin=C2_4-2
Added Pin To Net: NetName=GND Pin=C3_1-1
Added Pin To Net: NetName=5V_OUT_1 Pin=C3_1-2
Added Pin To Net: NetName=GND Pin=C3_2-1
Added Pin To Net: NetName=5V_OUT_1 Pin=C3_2-2
Added Pin To Net: NetName=GND Pin=C3_3-1
Added Pin To Net: NetName=5V_OUT_1 Pin=C3_3-2
Added Pin To Net: NetName=GND Pin=C3_4-1
Added Pin To Net: NetName=5V_OUT_1 Pin=C3_4-2
Added Pin To Net: NetName=GND Pin=C4_1-1
Added Pin To Net: NetName=5V_OUT_1 Pin=C4_1-2
Added Pin To Net: NetName=GND Pin=C4_2-1
Added Pin To Net: NetName=5V_OUT_1 Pin=C4_2-2
Added Pin To Net: NetName=GND Pin=C4_3-1
Added Pin To Net: NetName=5V_OUT_1 Pin=C4_3-2
Added Pin To Net: NetName=GND Pin=C4_4-1
Added Pin To Net: NetName=5V_OUT_1 Pin=C4_4-2
Added Pin To Net: NetName=NetD1_1_1 Pin=D1_1-1
Added Pin To Net: NetName=GND Pin=D1_1-2
Added Pin To Net: NetName=NetD1_2_1 Pin=D1_2-1
Added Pin To Net: NetName=GND Pin=D1_2-2
Added Pin To Net: NetName=NetD1_3_1 Pin=D1_3-1
Added Pin To Net: NetName=GND Pin=D1_3-2
Added Pin To Net: NetName=NetD1_4_1 Pin=D1_4-1
Added Pin To Net: NetName=GND Pin=D1_4-2
Added Pin To Net: NetName=5V_OUT_1 Pin=J1-1
Added Pin To Net: NetName=10V_OUT_1 Pin=J1-2
Added Pin To Net: NetName=SIG4_OUT_1 Pin=J1-3
Added Pin To Net: NetName=SIG3_OUT_1 Pin=J1-4
Added Pin To Net: NetName=SIG2_OUT_1 Pin=J1-5
Added Pin To Net: NetName=SIG1_OUT_1 Pin=J1-6
Added Pin To Net: NetName=GND_OUT_1 Pin=J1-7
Added Pin To Net: NetName=28V_OUT_1 Pin=J1-8
Added Pin To Net: NetName=5V_OUT_1 Pin=J2-1
Added Pin To Net: NetName=10V_OUT_1 Pin=J2-2
Added Pin To Net: NetName=SIG4_OUT_1 Pin=J2-3
Added Pin To Net: NetName=SIG3_OUT_1 Pin=J2-4
Added Pin To Net: NetName=SIG2_OUT_1 Pin=J2-5
Added Pin To Net: NetName=SIG1_OUT_1 Pin=J2-6
Added Pin To Net: NetName=GND_OUT_1 Pin=J2-7
Added Pin To Net: NetName=28V_OUT_1 Pin=J2-8
Added Pin To Net: NetName=5V_OUT_1 Pin=J3-1
Added Pin To Net: NetName=10V_OUT_1 Pin=J3-2
Added Pin To Net: NetName=SIG4_OUT_1 Pin=J3-3
Added Pin To Net: NetName=SIG3_OUT_1 Pin=J3-4
Added Pin To Net: NetName=SIG2_OUT_1 Pin=J3-5
Added Pin To Net: NetName=SIG1_OUT_1 Pin=J3-6
Added Pin To Net: NetName=GND_OUT_1 Pin=J3-7
Added Pin To Net: NetName=28V_OUT_1 Pin=J3-8
Added Pin To Net: NetName=5V_OUT_1 Pin=J4-1
Added Pin To Net: NetName=10V_OUT_1 Pin=J4-2
Added Pin To Net: NetName=SIG4_OUT_1 Pin=J4-3
Added Pin To Net: NetName=SIG3_OUT_1 Pin=J4-4
Added Pin To Net: NetName=SIG2_OUT_1 Pin=J4-5
Added Pin To Net: NetName=SIG1_OUT_1 Pin=J4-6
Added Pin To Net: NetName=GND_OUT_1 Pin=J4-7
Added Pin To Net: NetName=28V_OUT_1 Pin=J4-8
Added Pin To Net: NetName=5V_OUT_1 Pin=J5-1
Added Pin To Net: NetName=10V_OUT_1 Pin=J5-2
Added Pin To Net: NetName=SIG4_OUT_1 Pin=J5-3
Added Pin To Net: NetName=SIG3_OUT_1 Pin=J5-4
Added Pin To Net: NetName=SIG2_OUT_1 Pin=J5-5
Added Pin To Net: NetName=SIG1_OUT_1 Pin=J5-6
Added Pin To Net: NetName=GND_OUT_1 Pin=J5-7
Added Pin To Net: NetName=28V_OUT_1 Pin=J5-8
Added Pin To Net: NetName=5V_OUT_1 Pin=J6-1
Added Pin To Net: NetName=10V_OUT_1 Pin=J6-2
Added Pin To Net: NetName=SIG4_OUT_1 Pin=J6-3
Added Pin To Net: NetName=SIG3_OUT_1 Pin=J6-4
Added Pin To Net: NetName=SIG2_OUT_1 Pin=J6-5
Added Pin To Net: NetName=SIG1_OUT_1 Pin=J6-6
Added Pin To Net: NetName=GND_OUT_1 Pin=J6-7
Added Pin To Net: NetName=28V_OUT_1 Pin=J6-8
Added Pin To Net: NetName=5V_OUT_1 Pin=J7-1
Added Pin To Net: NetName=10V_OUT_1 Pin=J7-2
Added Pin To Net: NetName=SIG4_OUT_1 Pin=J7-3
Added Pin To Net: NetName=SIG3_OUT_1 Pin=J7-4
Added Pin To Net: NetName=SIG2_OUT_1 Pin=J7-5
Added Pin To Net: NetName=SIG1_OUT_1 Pin=J7-6
Added Pin To Net: NetName=GND_OUT_1 Pin=J7-7
Added Pin To Net: NetName=28V_OUT_1 Pin=J7-8
Added Pin To Net: NetName=5V_OUT_1 Pin=J8-1
Added Pin To Net: NetName=10V_OUT_1 Pin=J8-2
Added Pin To Net: NetName=SIG4_OUT_1 Pin=J8-3
Added Pin To Net: NetName=SIG3_OUT_1 Pin=J8-4
Added Pin To Net: NetName=SIG2_OUT_1 Pin=J8-5
Added Pin To Net: NetName=SIG1_OUT_1 Pin=J8-6
Added Pin To Net: NetName=GND_OUT_1 Pin=J8-7
Added Pin To Net: NetName=28V_OUT_1 Pin=J8-8
Added Pin To Net: NetName=HVSIG1 Pin=P2-1
Added Pin To Net: NetName=HVSIG2 Pin=P3-1
Added Pin To Net: NetName=HVSIG3 Pin=P4-1
Added Pin To Net: NetName=HVSIG4 Pin=P5-1
Added Pin To Net: NetName=10V_OUT_1 Pin=P6_1-1
Added Pin To Net: NetName=10V_OUT_1 Pin=P6_2-1
Added Pin To Net: NetName=10V_OUT_1 Pin=P6_3-1
Added Pin To Net: NetName=10V_OUT_1 Pin=P6_4-1
Added Pin To Net: NetName=5V_OUT_1 Pin=P7_1-1
Added Pin To Net: NetName=5V_OUT_1 Pin=P7_2-1
Added Pin To Net: NetName=5V_OUT_1 Pin=P7_3-1
Added Pin To Net: NetName=5V_OUT_1 Pin=P7_4-1
Added Pin To Net: NetName=SIG1_OUT_1 Pin=P8_1-1
Added Pin To Net: NetName=SIG2_OUT_1 Pin=P8_2-1
Added Pin To Net: NetName=SIG3_OUT_1 Pin=P8_3-1
Added Pin To Net: NetName=SIG4_OUT_1 Pin=P8_4-1
Added Pin To Net: NetName=NetP9_1_1 Pin=P9_1-1
Added Pin To Net: NetName=NetP9_2_1 Pin=P9_2-1
Added Pin To Net: NetName=NetP9_3_1 Pin=P9_3-1
Added Pin To Net: NetName=NetP9_4_1 Pin=P9_4-1
Added Pin To Net: NetName=GND Pin=P10_1-1
Added Pin To Net: NetName=GND Pin=P10_2-1
Added Pin To Net: NetName=GND Pin=P10_3-1
Added Pin To Net: NetName=GND Pin=P10_4-1
Added Pin To Net: NetName=NetD1_1_1 Pin=Q1_1-1
Added Pin To Net: NetName=GND Pin=Q1_1-2
Added Pin To Net: NetName=HVSIG1 Pin=Q1_1-3
Added Pin To Net: NetName=NetD1_2_1 Pin=Q1_2-1
Added Pin To Net: NetName=GND Pin=Q1_2-2
Added Pin To Net: NetName=HVSIG2 Pin=Q1_2-3
Added Pin To Net: NetName=NetD1_3_1 Pin=Q1_3-1
Added Pin To Net: NetName=GND Pin=Q1_3-2
Added Pin To Net: NetName=HVSIG3 Pin=Q1_3-3
Added Pin To Net: NetName=NetD1_4_1 Pin=Q1_4-1
Added Pin To Net: NetName=GND Pin=Q1_4-2
Added Pin To Net: NetName=HVSIG4 Pin=Q1_4-3
Added Pin To Net: NetName=3kV Pin=R1_1-1
Added Pin To Net: NetName=HVSIG1 Pin=R1_1-2
Added Pin To Net: NetName=3kV Pin=R1_2-1
Added Pin To Net: NetName=HVSIG2 Pin=R1_2-2
Added Pin To Net: NetName=3kV Pin=R1_3-1
Added Pin To Net: NetName=HVSIG3 Pin=R1_3-2
Added Pin To Net: NetName=3kV Pin=R1_4-1
Added Pin To Net: NetName=HVSIG4 Pin=R1_4-2
Added Pin To Net: NetName=NetD1_1_1 Pin=R2_1-1
Added Pin To Net: NetName=NetP9_1_1 Pin=R2_1-2
Added Pin To Net: NetName=NetD1_2_1 Pin=R2_2-1
Added Pin To Net: NetName=NetP9_2_1 Pin=R2_2-2
Added Pin To Net: NetName=NetD1_3_1 Pin=R2_3-1
Added Pin To Net: NetName=NetP9_3_1 Pin=R2_3-2
Added Pin To Net: NetName=NetD1_4_1 Pin=R2_4-1
Added Pin To Net: NetName=NetP9_4_1 Pin=R2_4-2
Added Pin To Net: NetName=NetR3_1 Pin=R3-1
Added Pin To Net: NetName=NetR3_2 Pin=R3-2
Added Pin To Net: NetName=NetR3_2 Pin=R4-1
Added Pin To Net: NetName=NetR4_2 Pin=R4-2
Added Pin To Net: NetName=5V_OUT_1 Pin=U1_1-1
Added Pin To Net: NetName=SIG1_OUT_1 Pin=U1_1-2
Added Pin To Net: NetName=GND Pin=U1_1-3
Added Pin To Net: NetName=GND Pin=U1_1-4
Added Pin To Net: NetName=NetP9_1_1 Pin=U1_1-5
Added Pin To Net: NetName=10V_OUT_1 Pin=U1_1-6
Added Pin To Net: NetName=5V_OUT_1 Pin=U1_2-1
Added Pin To Net: NetName=SIG2_OUT_1 Pin=U1_2-2
Added Pin To Net: NetName=GND Pin=U1_2-3
Added Pin To Net: NetName=GND Pin=U1_2-4
Added Pin To Net: NetName=NetP9_2_1 Pin=U1_2-5
Added Pin To Net: NetName=10V_OUT_1 Pin=U1_2-6
Added Pin To Net: NetName=5V_OUT_1 Pin=U1_3-1
Added Pin To Net: NetName=SIG3_OUT_1 Pin=U1_3-2
Added Pin To Net: NetName=GND Pin=U1_3-3
Added Pin To Net: NetName=GND Pin=U1_3-4
Added Pin To Net: NetName=NetP9_3_1 Pin=U1_3-5
Added Pin To Net: NetName=10V_OUT_1 Pin=U1_3-6
Added Pin To Net: NetName=5V_OUT_1 Pin=U1_4-1
Added Pin To Net: NetName=SIG4_OUT_1 Pin=U1_4-2
Added Pin To Net: NetName=GND Pin=U1_4-3
Added Pin To Net: NetName=GND Pin=U1_4-4
Added Pin To Net: NetName=NetP9_4_1 Pin=U1_4-5
Added Pin To Net: NetName=10V_OUT_1 Pin=U1_4-6
Added Pin To Net: NetName=GND Pin=U2-1
Added Pin To Net: NetName=NetR4_2 Pin=U2-3
Added Pin To Net: NetName=NetR3_1 Pin=U2-4
Added Pin To Net: NetName=NetR3_2 Pin=U2-5
Added Pin To Net: NetName=NetR4_2 Pin=U2-7
Added Pin To Net: NetName=28V_OUT_1 Pin=U2-12
Added Pin To Net: NetName=3kV Pin=U2-13
Added Pin To Net: NetName=GND Pin=U2-14
Added Member To Class: ClassName=U1_power Member=Component C1_1 (C1) 0.1u
Added Member To Class: ClassName=U2_power Member=Component C1_2 (C1) 0.1u
Added Member To Class: ClassName=U3_power Member=Component C1_3 (C1) 0.1u
Added Member To Class: ClassName=U4_power Member=Component C1_4 (C1) 0.1u
Added Member To Class: ClassName=U1_power Member=Component C2_1 (C2) 10u
Added Member To Class: ClassName=U2_power Member=Component C2_2 (C2) 10u
Added Member To Class: ClassName=U3_power Member=Component C2_3 (C2) 10u
Added Member To Class: ClassName=U4_power Member=Component C2_4 (C2) 10u
Added Member To Class: ClassName=top_pls Member=Component C2 27n
Added Member To Class: ClassName=U1_power Member=Component C3_1 (C3) 0.1u
Added Member To Class: ClassName=U2_power Member=Component C3_2 (C3) 0.1u
Added Member To Class: ClassName=U3_power Member=Component C3_3 (C3) 0.1u
Added Member To Class: ClassName=U4_power Member=Component C3_4 (C3) 0.1u
Added Member To Class: ClassName=U1_power Member=Component C4_1 (C4) 10u
Added Member To Class: ClassName=U2_power Member=Component C4_2 (C4) 10u
Added Member To Class: ClassName=U3_power Member=Component C4_3 (C4) 10u
Added Member To Class: ClassName=U4_power Member=Component C4_4 (C4) 10u
Added Member To Class: ClassName=U1_power Member=Component D1_1 (D1) Zener Diode
Added Member To Class: ClassName=U2_power Member=Component D1_2 (D1) Zener Diode
Added Member To Class: ClassName=U3_power Member=Component D1_3 (D1) Zener Diode
Added Member To Class: ClassName=U4_power Member=Component D1_4 (D1) Zener Diode
Added Member To Class: ClassName=top_pls Member=Component J1 207843-0008
Added Member To Class: ClassName=top_pls Member=Component J2 207843-0008
Added Member To Class: ClassName=top_pls Member=Component J3 207843-0008
Added Member To Class: ClassName=top_pls Member=Component J4 207843-0008
Added Member To Class: ClassName=top_pls Member=Component J5 207843-0008
Added Member To Class: ClassName=top_pls Member=Component J6 207843-0008
Added Member To Class: ClassName=top_pls Member=Component J7 207843-0008
Added Member To Class: ClassName=top_pls Member=Component J8 207843-0008
Added Member To Class: ClassName=top_pls Member=Component P2 Output Point
Added Member To Class: ClassName=top_pls Member=Component P3 Output Point
Added Member To Class: ClassName=top_pls Member=Component P4 Output Point
Added Member To Class: ClassName=top_pls Member=Component P5 Output Point
Added Member To Class: ClassName=U1_power Member=Component P6_1 (P6) Output Point
Added Member To Class: ClassName=U2_power Member=Component P6_2 (P6) Output Point
Added Member To Class: ClassName=U3_power Member=Component P6_3 (P6) Output Point
Added Member To Class: ClassName=U4_power Member=Component P6_4 (P6) Output Point
Added Member To Class: ClassName=U1_power Member=Component P7_1 (P7) Output Point
Added Member To Class: ClassName=U2_power Member=Component P7_2 (P7) Output Point
Added Member To Class: ClassName=U3_power Member=Component P7_3 (P7) Output Point
Added Member To Class: ClassName=U4_power Member=Component P7_4 (P7) Output Point
Added Member To Class: ClassName=U1_power Member=Component P8_1 (P8) Output Point
Added Member To Class: ClassName=U2_power Member=Component P8_2 (P8) Output Point
Added Member To Class: ClassName=U3_power Member=Component P8_3 (P8) Output Point
Added Member To Class: ClassName=U4_power Member=Component P8_4 (P8) Output Point
Added Member To Class: ClassName=U1_power Member=Component P9_1 (P9) Output Point
Added Member To Class: ClassName=U2_power Member=Component P9_2 (P9) Output Point
Added Member To Class: ClassName=U3_power Member=Component P9_3 (P9) Output Point
Added Member To Class: ClassName=U4_power Member=Component P9_4 (P9) Output Point
Added Member To Class: ClassName=U1_power Member=Component P10_1 (P10) Output Point
Added Member To Class: ClassName=U2_power Member=Component P10_2 (P10) Output Point
Added Member To Class: ClassName=U3_power Member=Component P10_3 (P10) Output Point
Added Member To Class: ClassName=U4_power Member=Component P10_4 (P10) Output Point
Added Member To Class: ClassName=U1_power Member=Component Q1_1 (Q1) MOSFET
Added Member To Class: ClassName=U2_power Member=Component Q1_2 (Q1) MOSFET
Added Member To Class: ClassName=U3_power Member=Component Q1_3 (Q1) MOSFET
Added Member To Class: ClassName=U4_power Member=Component Q1_4 (Q1) MOSFET
Added Member To Class: ClassName=U1_power Member=Component R1_1 (R1) 10M
Added Member To Class: ClassName=U2_power Member=Component R1_2 (R1) 10M
Added Member To Class: ClassName=U3_power Member=Component R1_3 (R1) 10M
Added Member To Class: ClassName=U4_power Member=Component R1_4 (R1) 10M
Added Member To Class: ClassName=U1_power Member=Component R2_1 (R2) 4.99
Added Member To Class: ClassName=U2_power Member=Component R2_2 (R2) 4.99
Added Member To Class: ClassName=U3_power Member=Component R2_3 (R2) 4.99
Added Member To Class: ClassName=U4_power Member=Component R2_4 (R2) 4.99
Added Member To Class: ClassName=top_pls Member=Component R3 330
Added Member To Class: ClassName=top_pls Member=Component R4 180
Added Member To Class: ClassName=U1_power Member=Component U1_1 (U1) Gate Driver
Added Member To Class: ClassName=U2_power Member=Component U1_2 (U1) Gate Driver
Added Member To Class: ClassName=U3_power Member=Component U1_3 (U1) Gate Driver
Added Member To Class: ClassName=U4_power Member=Component U1_4 (U1) Gate Driver
Added Member To Class: ClassName=top_pls Member=Component U2 Step Up Converter
