Replace Part B1 Push Button in C:\Users\harne\OneDrive - California Institute of Technology\SURFs\HOMES\Current\Electrical (PCB)\ElectronicsBoxPCB\EBoxschematic.SchDoc with Push Button from EBoxschematiclib.SchLib
Replace Part B2 Push Button in C:\Users\harne\OneDrive - California Institute of Technology\SURFs\HOMES\Current\Electrical (PCB)\ElectronicsBoxPCB\EBoxschematic.SchDoc with Push Button from EBoxschematiclib.SchLib
Replace Part C? Capacitor in C:\Users\harne\OneDrive - California Institute of Technology\SURFs\HOMES\Current\Electrical (PCB)\ElectronicsBoxPCB\EBoxschematic.SchDoc with Capacitor from EBoxschematiclib.SchLib
Replace Part C? Capacitor in C:\Users\harne\OneDrive - California Institute of Technology\SURFs\HOMES\Current\Electrical (PCB)\ElectronicsBoxPCB\EBoxschematic.SchDoc with Capacitor from EBoxschematiclib.SchLib
Replace Part C? Tantalum Capacitor in C:\Users\harne\OneDrive - California Institute of Technology\SURFs\HOMES\Current\Electrical (PCB)\ElectronicsBoxPCB\EBoxschematic.SchDoc with Tantalum Capacitor from EBoxschematiclib.SchLib
Replace Part C? Tantalum Capacitor in C:\Users\harne\OneDrive - California Institute of Technology\SURFs\HOMES\Current\Electrical (PCB)\ElectronicsBoxPCB\EBoxschematic.SchDoc with Tantalum Capacitor from EBoxschematiclib.SchLib
Replace Part C? Capacitor in C:\Users\harne\OneDrive - California Institute of Technology\SURFs\HOMES\Current\Electrical (PCB)\ElectronicsBoxPCB\EBoxschematic.SchDoc with Capacitor from EBoxschematiclib.SchLib
Replace Part D4 LED in C:\Users\harne\OneDrive - California Institute of Technology\SURFs\HOMES\Current\Electrical (PCB)\ElectronicsBoxPCB\EBoxschematic.SchDoc with LED from EBoxschematiclib.SchLib
Replace Part D5 LED in C:\Users\harne\OneDrive - California Institute of Technology\SURFs\HOMES\Current\Electrical (PCB)\ElectronicsBoxPCB\EBoxschematic.SchDoc with LED from EBoxschematiclib.SchLib
Replace Part D? Diode in C:\Users\harne\OneDrive - California Institute of Technology\SURFs\HOMES\Current\Electrical (PCB)\ElectronicsBoxPCB\EBoxschematic.SchDoc with Diode from EBoxschematiclib.SchLib
Replace Part D? Diode in C:\Users\harne\OneDrive - California Institute of Technology\SURFs\HOMES\Current\Electrical (PCB)\ElectronicsBoxPCB\EBoxschematic.SchDoc with Diode from EBoxschematiclib.SchLib
Replace Part D? Diode in C:\Users\harne\OneDrive - California Institute of Technology\SURFs\HOMES\Current\Electrical (PCB)\ElectronicsBoxPCB\EBoxschematic.SchDoc with Diode from EBoxschematiclib.SchLib
Replace Part P3 Output Point in C:\Users\harne\OneDrive - California Institute of Technology\SURFs\HOMES\Current\Electrical (PCB)\ElectronicsBoxPCB\EBoxschematic.SchDoc with Output Point from EBoxschematiclib.SchLib
Replace Part P4 Output Point in C:\Users\harne\OneDrive - California Institute of Technology\SURFs\HOMES\Current\Electrical (PCB)\ElectronicsBoxPCB\EBoxschematic.SchDoc with Output Point from EBoxschematiclib.SchLib
Replace Part P5 Output Point in C:\Users\harne\OneDrive - California Institute of Technology\SURFs\HOMES\Current\Electrical (PCB)\ElectronicsBoxPCB\EBoxschematic.SchDoc with Output Point from EBoxschematiclib.SchLib
Replace Part P6 Output Point in C:\Users\harne\OneDrive - California Institute of Technology\SURFs\HOMES\Current\Electrical (PCB)\ElectronicsBoxPCB\EBoxschematic.SchDoc with Output Point from EBoxschematiclib.SchLib
Replace Part P7 Output Point in C:\Users\harne\OneDrive - California Institute of Technology\SURFs\HOMES\Current\Electrical (PCB)\ElectronicsBoxPCB\EBoxschematic.SchDoc with Output Point from EBoxschematiclib.SchLib
Replace Part P8 Output Point in C:\Users\harne\OneDrive - California Institute of Technology\SURFs\HOMES\Current\Electrical (PCB)\ElectronicsBoxPCB\EBoxschematic.SchDoc with Output Point from EBoxschematiclib.SchLib
Replace Part P9 Output Point in C:\Users\harne\OneDrive - California Institute of Technology\SURFs\HOMES\Current\Electrical (PCB)\ElectronicsBoxPCB\EBoxschematic.SchDoc with Output Point from EBoxschematiclib.SchLib
Replace Part P10 Output Point in C:\Users\harne\OneDrive - California Institute of Technology\SURFs\HOMES\Current\Electrical (PCB)\ElectronicsBoxPCB\EBoxschematic.SchDoc with Output Point from EBoxschematiclib.SchLib
Replace Part P11 Output Point in C:\Users\harne\OneDrive - California Institute of Technology\SURFs\HOMES\Current\Electrical (PCB)\ElectronicsBoxPCB\EBoxschematic.SchDoc with Output Point from EBoxschematiclib.SchLib
Replace Part P12 Output Point in C:\Users\harne\OneDrive - California Institute of Technology\SURFs\HOMES\Current\Electrical (PCB)\ElectronicsBoxPCB\EBoxschematic.SchDoc with Output Point from EBoxschematiclib.SchLib
Replace Part P13 Output Point in C:\Users\harne\OneDrive - California Institute of Technology\SURFs\HOMES\Current\Electrical (PCB)\ElectronicsBoxPCB\EBoxschematic.SchDoc with Output Point from EBoxschematiclib.SchLib
Replace Part P14 Output Point in C:\Users\harne\OneDrive - California Institute of Technology\SURFs\HOMES\Current\Electrical (PCB)\ElectronicsBoxPCB\EBoxschematic.SchDoc with Output Point from EBoxschematiclib.SchLib
Replace Part P15 Output Point in C:\Users\harne\OneDrive - California Institute of Technology\SURFs\HOMES\Current\Electrical (PCB)\ElectronicsBoxPCB\EBoxschematic.SchDoc with Output Point from EBoxschematiclib.SchLib
Replace Part P16 Output Point in C:\Users\harne\OneDrive - California Institute of Technology\SURFs\HOMES\Current\Electrical (PCB)\ElectronicsBoxPCB\EBoxschematic.SchDoc with Output Point from EBoxschematiclib.SchLib
Replace Part P17 Output Point in C:\Users\harne\OneDrive - California Institute of Technology\SURFs\HOMES\Current\Electrical (PCB)\ElectronicsBoxPCB\EBoxschematic.SchDoc with Output Point from EBoxschematiclib.SchLib
Replace Part P18 Output Point in C:\Users\harne\OneDrive - California Institute of Technology\SURFs\HOMES\Current\Electrical (PCB)\ElectronicsBoxPCB\EBoxschematic.SchDoc with Output Point from EBoxschematiclib.SchLib
Replace Part R1 Resistor in C:\Users\harne\OneDrive - California Institute of Technology\SURFs\HOMES\Current\Electrical (PCB)\ElectronicsBoxPCB\EBoxschematic.SchDoc with Resistor from EBoxschematiclib.SchLib
Replace Part R? Variable Resistor in C:\Users\harne\OneDrive - California Institute of Technology\SURFs\HOMES\Current\Electrical (PCB)\ElectronicsBoxPCB\EBoxschematic.SchDoc with Variable Resistor from EBoxschematiclib.SchLib
Replace Part R? Resistor in C:\Users\harne\OneDrive - California Institute of Technology\SURFs\HOMES\Current\Electrical (PCB)\ElectronicsBoxPCB\EBoxschematic.SchDoc with Resistor from EBoxschematiclib.SchLib
Replace Part R? Resistor in C:\Users\harne\OneDrive - California Institute of Technology\SURFs\HOMES\Current\Electrical (PCB)\ElectronicsBoxPCB\EBoxschematic.SchDoc with Resistor from EBoxschematiclib.SchLib
Replace Part R? Resistor in C:\Users\harne\OneDrive - California Institute of Technology\SURFs\HOMES\Current\Electrical (PCB)\ElectronicsBoxPCB\EBoxschematic.SchDoc with Resistor from EBoxschematiclib.SchLib
Replace Part U? Linear Regulator in C:\Users\harne\OneDrive - California Institute of Technology\SURFs\HOMES\Current\Electrical (PCB)\ElectronicsBoxPCB\EBoxschematic.SchDoc with Linear Regulator from EBoxschematiclib.SchLib
