Added Component: Designator=C1(0.1uF)
Added Component: Designator=C2(100uF Tantalum)
Added Component: Designator=C3(1uF)
Added Component: Designator=C4(1uF)
Added Component: Designator=C5(100uF Tantalum)
Added Component: Designator=C6(10uF)
Added Component: Designator=C7(10uF)
Added Component: Designator=D1(LED 12V Thru Hole)
Added Component: Designator=D2(LED 5V Arduino Thru Hole)
Added Component: Designator=D3(Protective Diode)
Added Component: Designator=D4(LED 5V Arduino Thru Hole)
Added Component: Designator=D5(Protective Diode)
Added Component: Designator=D6(Schottky Diode)
Added Component: Designator=D7(LED 5V Arduino Thru Hole)
Added Component: Designator=D8(LED 5V Thru Hole)
Added Component: Designator=P3(Via)
Added Component: Designator=P4(Via)
Added Component: Designator=P5(Via)
Added Component: Designator=P6(Via)
Added Component: Designator=P7(Via)
Added Component: Designator=P8(Via)
Added Component: Designator=P9(Via)
Added Component: Designator=P10(Via)
Added Component: Designator=P11(Via)
Added Component: Designator=P12(Via)
Added Component: Designator=P13(Via)
Added Component: Designator=P14(Via)
Added Component: Designator=P15(Via)
Added Component: Designator=P16(Via)
Added Component: Designator=P17(Via)
Added Component: Designator=P18(Via)
Added Component: Designator=R1(LV Resistor)
Added Component: Designator=R2(1.5 Ohm)
Added Component: Designator=R3(2.87k Ohm)
Added Component: Designator=R4(249 Ohm)
Added Component: Designator=R5(340 Ohm)
Added Component: Designator=R6(Arduino Resistors)
Added Component: Designator=R7(Arduino Resistors)
Added Component: Designator=R8(2.67k Ohm)
Added Component: Designator=R9(2.49k Ohm)
Added Component: Designator=R10(Arduino Resistors)
Added Component: Designator=R11(2.32k Ohm)
Added Component: Designator=R12(2.1k Ohm)
Added Component: Designator=R13(1.91k Ohm)
Added Component: Designator=R14(1.69k Ohm)
Added Component: Designator=R15(1.5k Ohm)
Added Component: Designator=R16(Rotary Switch)
Added Component: Designator=R17(Arduino Resistors)
Added Component: Designator=U1(Linear Regulator)
Added Component: Designator=U2(Step Down Converter)
Added Pin To Net: NetName=5V Pin=C7-2
Added Pin To Net: NetName=5V Pin=R17-1
Added Pin To Net: NetName=5V Pin=U2-3
Added Net: Name=5V
Added Pin To Net: NetName=10V Pin=C5-2
Added Pin To Net: NetName=10V Pin=R4-1
Added Pin To Net: NetName=10V Pin=R5-1
Added Pin To Net: NetName=10V Pin=U1-3
Added Net: Name=10V
Added Pin To Net: NetName=28V Pin=C6-2
Added Pin To Net: NetName=28V Pin=R1-1
Added Pin To Net: NetName=28V Pin=R2-2
Added Pin To Net: NetName=28V Pin=U2-1
Added Net: Name=28V
Added Pin To Net: NetName=GND Pin=C1-1
Added Pin To Net: NetName=GND Pin=C2-1
Added Pin To Net: NetName=GND Pin=C3-1
Added Pin To Net: NetName=GND Pin=C4-1
Added Pin To Net: NetName=GND Pin=C4-2
Added Pin To Net: NetName=GND Pin=C5-1
Added Pin To Net: NetName=GND Pin=C6-1
Added Pin To Net: NetName=GND Pin=C7-1
Added Pin To Net: NetName=GND Pin=D1-2
Added Pin To Net: NetName=GND Pin=D2-2
Added Pin To Net: NetName=GND Pin=D4-2
Added Pin To Net: NetName=GND Pin=D7-2
Added Pin To Net: NetName=GND Pin=D8-2
Added Pin To Net: NetName=GND Pin=R3-2
Added Pin To Net: NetName=GND Pin=R4-2
Added Pin To Net: NetName=GND Pin=R8-2
Added Pin To Net: NetName=GND Pin=R9-2
Added Pin To Net: NetName=GND Pin=R11-2
Added Pin To Net: NetName=GND Pin=R12-2
Added Pin To Net: NetName=GND Pin=R13-2
Added Pin To Net: NetName=GND Pin=R14-2
Added Pin To Net: NetName=GND Pin=R15-2
Added Pin To Net: NetName=GND Pin=U2-2
Added Net: Name=GND
Added Pin To Net: NetName=LED Pin=R10-2
Added Net: Name=LED
Added Pin To Net: NetName=NetC1_2 Pin=C1-2
Added Pin To Net: NetName=NetC1_2 Pin=C2-2
Added Pin To Net: NetName=NetC1_2 Pin=C3-2
Added Pin To Net: NetName=NetC1_2 Pin=R2-1
Added Pin To Net: NetName=NetC1_2 Pin=U1-1
Added Net: Name=NetC1_2
Added Pin To Net: NetName=NetD1_1 Pin=D1-1
Added Pin To Net: NetName=NetD1_1 Pin=R1-2
Added Net: Name=NetD1_1
Added Pin To Net: NetName=NetD2_1 Pin=D2-1
Added Pin To Net: NetName=NetD2_1 Pin=R10-1
Added Net: Name=NetD2_1
Added Pin To Net: NetName=NetD4_1 Pin=D4-1
Added Pin To Net: NetName=NetD4_1 Pin=R6-2
Added Net: Name=NetD4_1
Added Pin To Net: NetName=NetD7_1 Pin=D7-1
Added Pin To Net: NetName=NetD7_1 Pin=R7-2
Added Net: Name=NetD7_1
Added Pin To Net: NetName=NetD8_1 Pin=D8-1
Added Pin To Net: NetName=NetD8_1 Pin=R5-2
Added Net: Name=NetD8_1
Added Pin To Net: NetName=NetP19_2 Pin=R6-1
Added Net: Name=NetP19_2
Added Pin To Net: NetName=NetP20_2 Pin=R7-1
Added Net: Name=NetP20_2
Added Pin To Net: NetName=NetR3_1 Pin=R3-1
Added Pin To Net: NetName=NetR3_1 Pin=R16-8
Added Net: Name=NetR3_1
Added Pin To Net: NetName=NetR8_1 Pin=R8-1
Added Pin To Net: NetName=NetR8_1 Pin=R16-7
Added Net: Name=NetR8_1
Added Pin To Net: NetName=NetR9_1 Pin=R9-1
Added Pin To Net: NetName=NetR9_1 Pin=R16-6
Added Net: Name=NetR9_1
Added Pin To Net: NetName=NetR11_1 Pin=R11-1
Added Pin To Net: NetName=NetR11_1 Pin=R16-5
Added Net: Name=NetR11_1
Added Pin To Net: NetName=NetR12_1 Pin=R12-1
Added Pin To Net: NetName=NetR12_1 Pin=R16-4
Added Net: Name=NetR12_1
Added Pin To Net: NetName=NetR13_1 Pin=R13-1
Added Pin To Net: NetName=NetR13_1 Pin=R16-3
Added Net: Name=NetR13_1
Added Pin To Net: NetName=NetR14_1 Pin=R14-1
Added Pin To Net: NetName=NetR14_1 Pin=R16-2
Added Net: Name=NetR14_1
Added Pin To Net: NetName=NetR15_1 Pin=R15-1
Added Pin To Net: NetName=NetR15_1 Pin=R16-1
Added Net: Name=NetR15_1
Added Pin To Net: NetName=NetR16_A Pin=R16-A
Added Pin To Net: NetName=NetR16_A Pin=U1-2
Added Net: Name=NetR16_A
Added Pin To Net: NetName=OFF Pin=R17-2
Added Net: Name=OFF
Added Class: Name=EBoxschematic
Added Room: Name=EBoxschematic
