Replace Part C1 Capacitor in C:\Users\harne\OneDrive - California Institute of Technology\SURFs\HOMES\Current\Electrical (PCB)\ElectronicsBoxPCB\EBoxschematic.SchDoc with Capacitor from EBoxschematiclib.SchLib
Replace Part C2 Tantalum Capacitor in C:\Users\harne\OneDrive - California Institute of Technology\SURFs\HOMES\Current\Electrical (PCB)\ElectronicsBoxPCB\EBoxschematic.SchDoc with Tantalum Capacitor from EBoxschematiclib.SchLib
Replace Part C3 Capacitor in C:\Users\harne\OneDrive - California Institute of Technology\SURFs\HOMES\Current\Electrical (PCB)\ElectronicsBoxPCB\EBoxschematic.SchDoc with Capacitor from EBoxschematiclib.SchLib
Replace Part C4 Capacitor in C:\Users\harne\OneDrive - California Institute of Technology\SURFs\HOMES\Current\Electrical (PCB)\ElectronicsBoxPCB\EBoxschematic.SchDoc with Capacitor from EBoxschematiclib.SchLib
Replace Part C5 Tantalum Capacitor in C:\Users\harne\OneDrive - California Institute of Technology\SURFs\HOMES\Current\Electrical (PCB)\ElectronicsBoxPCB\EBoxschematic.SchDoc with Tantalum Capacitor from EBoxschematiclib.SchLib
Replace Part D3 Diode in C:\Users\harne\OneDrive - California Institute of Technology\SURFs\HOMES\Current\Electrical (PCB)\ElectronicsBoxPCB\EBoxschematic.SchDoc with Diode from EBoxschematiclib.SchLib
Replace Part D4 LED in C:\Users\harne\OneDrive - California Institute of Technology\SURFs\HOMES\Current\Electrical (PCB)\ElectronicsBoxPCB\EBoxschematic.SchDoc with LED from EBoxschematiclib.SchLib
Replace Part D5 Diode in C:\Users\harne\OneDrive - California Institute of Technology\SURFs\HOMES\Current\Electrical (PCB)\ElectronicsBoxPCB\EBoxschematic.SchDoc with Diode from EBoxschematiclib.SchLib
Replace Part D6 Diode in C:\Users\harne\OneDrive - California Institute of Technology\SURFs\HOMES\Current\Electrical (PCB)\ElectronicsBoxPCB\EBoxschematic.SchDoc with Diode from EBoxschematiclib.SchLib
Replace Part D7 LED in C:\Users\harne\OneDrive - California Institute of Technology\SURFs\HOMES\Current\Electrical (PCB)\ElectronicsBoxPCB\EBoxschematic.SchDoc with LED from EBoxschematiclib.SchLib
Replace Part P3 Output Point in C:\Users\harne\OneDrive - California Institute of Technology\SURFs\HOMES\Current\Electrical (PCB)\ElectronicsBoxPCB\EBoxschematic.SchDoc with Output Point from EBoxschematiclib.SchLib
Replace Part P4 Output Point in C:\Users\harne\OneDrive - California Institute of Technology\SURFs\HOMES\Current\Electrical (PCB)\ElectronicsBoxPCB\EBoxschematic.SchDoc with Output Point from EBoxschematiclib.SchLib
Replace Part P5 Output Point in C:\Users\harne\OneDrive - California Institute of Technology\SURFs\HOMES\Current\Electrical (PCB)\ElectronicsBoxPCB\EBoxschematic.SchDoc with Output Point from EBoxschematiclib.SchLib
Replace Part P6 Output Point in C:\Users\harne\OneDrive - California Institute of Technology\SURFs\HOMES\Current\Electrical (PCB)\ElectronicsBoxPCB\EBoxschematic.SchDoc with Output Point from EBoxschematiclib.SchLib
Replace Part P7 Output Point in C:\Users\harne\OneDrive - California Institute of Technology\SURFs\HOMES\Current\Electrical (PCB)\ElectronicsBoxPCB\EBoxschematic.SchDoc with Output Point from EBoxschematiclib.SchLib
Replace Part P8 Output Point in C:\Users\harne\OneDrive - California Institute of Technology\SURFs\HOMES\Current\Electrical (PCB)\ElectronicsBoxPCB\EBoxschematic.SchDoc with Output Point from EBoxschematiclib.SchLib
Replace Part P9 Output Point in C:\Users\harne\OneDrive - California Institute of Technology\SURFs\HOMES\Current\Electrical (PCB)\ElectronicsBoxPCB\EBoxschematic.SchDoc with Output Point from EBoxschematiclib.SchLib
Replace Part P10 Output Point in C:\Users\harne\OneDrive - California Institute of Technology\SURFs\HOMES\Current\Electrical (PCB)\ElectronicsBoxPCB\EBoxschematic.SchDoc with Output Point from EBoxschematiclib.SchLib
Replace Part P11 Output Point in C:\Users\harne\OneDrive - California Institute of Technology\SURFs\HOMES\Current\Electrical (PCB)\ElectronicsBoxPCB\EBoxschematic.SchDoc with Output Point from EBoxschematiclib.SchLib
Replace Part P12 Output Point in C:\Users\harne\OneDrive - California Institute of Technology\SURFs\HOMES\Current\Electrical (PCB)\ElectronicsBoxPCB\EBoxschematic.SchDoc with Output Point from EBoxschematiclib.SchLib
Replace Part P13 Output Point in C:\Users\harne\OneDrive - California Institute of Technology\SURFs\HOMES\Current\Electrical (PCB)\ElectronicsBoxPCB\EBoxschematic.SchDoc with Output Point from EBoxschematiclib.SchLib
Replace Part P14 Output Point in C:\Users\harne\OneDrive - California Institute of Technology\SURFs\HOMES\Current\Electrical (PCB)\ElectronicsBoxPCB\EBoxschematic.SchDoc with Output Point from EBoxschematiclib.SchLib
Replace Part P15 Output Point in C:\Users\harne\OneDrive - California Institute of Technology\SURFs\HOMES\Current\Electrical (PCB)\ElectronicsBoxPCB\EBoxschematic.SchDoc with Output Point from EBoxschematiclib.SchLib
Replace Part P16 Output Point in C:\Users\harne\OneDrive - California Institute of Technology\SURFs\HOMES\Current\Electrical (PCB)\ElectronicsBoxPCB\EBoxschematic.SchDoc with Output Point from EBoxschematiclib.SchLib
Replace Part P17 Output Point in C:\Users\harne\OneDrive - California Institute of Technology\SURFs\HOMES\Current\Electrical (PCB)\ElectronicsBoxPCB\EBoxschematic.SchDoc with Output Point from EBoxschematiclib.SchLib
Replace Part P18 Output Point in C:\Users\harne\OneDrive - California Institute of Technology\SURFs\HOMES\Current\Electrical (PCB)\ElectronicsBoxPCB\EBoxschematic.SchDoc with Output Point from EBoxschematiclib.SchLib
Replace Part P19 KK 254 1x3 male header in C:\Users\harne\OneDrive - California Institute of Technology\SURFs\HOMES\Current\Electrical (PCB)\ElectronicsBoxPCB\EBoxschematic.SchDoc with KK 254 1x3 male header from EBoxschematiclib.SchLib
Replace Part P20 KK 254 1x3 male header in C:\Users\harne\OneDrive - California Institute of Technology\SURFs\HOMES\Current\Electrical (PCB)\ElectronicsBoxPCB\EBoxschematic.SchDoc with KK 254 1x3 male header from EBoxschematiclib.SchLib
Replace Part R1 Resistor in C:\Users\harne\OneDrive - California Institute of Technology\SURFs\HOMES\Current\Electrical (PCB)\ElectronicsBoxPCB\EBoxschematic.SchDoc with Resistor from EBoxschematiclib.SchLib
Replace Part R2 Resistor in C:\Users\harne\OneDrive - California Institute of Technology\SURFs\HOMES\Current\Electrical (PCB)\ElectronicsBoxPCB\EBoxschematic.SchDoc with Resistor from EBoxschematiclib.SchLib
Replace Part R3 Variable Resistor in C:\Users\harne\OneDrive - California Institute of Technology\SURFs\HOMES\Current\Electrical (PCB)\ElectronicsBoxPCB\EBoxschematic.SchDoc with Variable Resistor from EBoxschematiclib.SchLib
Replace Part R4 Resistor in C:\Users\harne\OneDrive - California Institute of Technology\SURFs\HOMES\Current\Electrical (PCB)\ElectronicsBoxPCB\EBoxschematic.SchDoc with Resistor from EBoxschematiclib.SchLib
Replace Part R5 Resistor in C:\Users\harne\OneDrive - California Institute of Technology\SURFs\HOMES\Current\Electrical (PCB)\ElectronicsBoxPCB\EBoxschematic.SchDoc with Resistor from EBoxschematiclib.SchLib
Replace Part R9 Resistor in C:\Users\harne\OneDrive - California Institute of Technology\SURFs\HOMES\Current\Electrical (PCB)\ElectronicsBoxPCB\EBoxschematic.SchDoc with Resistor from EBoxschematiclib.SchLib
Replace Part R10 Resistor in C:\Users\harne\OneDrive - California Institute of Technology\SURFs\HOMES\Current\Electrical (PCB)\ElectronicsBoxPCB\EBoxschematic.SchDoc with Resistor from EBoxschematiclib.SchLib
Replace Part U1 Linear Regulator in C:\Users\harne\OneDrive - California Institute of Technology\SURFs\HOMES\Current\Electrical (PCB)\ElectronicsBoxPCB\EBoxschematic.SchDoc with Linear Regulator from EBoxschematiclib.SchLib
